DEBUG:requests.packages.urllib3.connectionpool:Starting new HTTPS connection (1): developerservices2.apple.com
DEBUG:requests.packages.urllib3.connectionpool:https://developerservices2.apple.com:443 "POST /services/QH65B2/listTeams.action?clientId=XABBG36SBA HTTP/1.1" 200 None
DEBUG:requests.packages.urllib3.connectionpool:Starting new HTTPS connection (1): developerservices2.apple.com
DEBUG:requests.packages.urllib3.connectionpool:https://developerservices2.apple.com:443 "POST /services/QH65B2/ios/listDevices.action?clientId=XABBG36SBA HTTP/1.1" 200 None
DEBUG:requests.packages.urllib3.connectionpool:Starting new HTTPS connection (1): developerservices2.apple.com
DEBUG:requests.packages.urllib3.connectionpool:https://developerservices2.apple.com:443 "POST /services/QH65B2/ios/listAppIds.action?clientId=XABBG36SBA HTTP/1.1" 200 None
DEBUG:requests.packages.urllib3.connectionpool:Starting new HTTPS connection (1): developerservices2.apple.com
DEBUG:requests.packages.urllib3.connectionpool:https://developerservices2.apple.com:443 "POST /services/QH65B2/ios/listProvisioningProfiles.action?clientId=XABBG36SBA HTTP/1.1" 200 None
DEBUG:requests.packages.urllib3.connectionpool:Starting new HTTPS connection (1): developerservices2.apple.com
DEBUG:requests.packages.urllib3.connectionpool:https://developerservices2.apple.com:443 "POST /services/QH65B2/ios/listAllDevelopmentCerts.action?clientId=XABBG36SBA HTTP/1.1" 200 None
DEBUG:requests.packages.urllib3.connectionpool:Starting new HTTPS connection (1): developerservices2.apple.com
DEBUG:requests.packages.urllib3.connectionpool:https://developerservices2.apple.com:443 "POST /services/QH65B2/ios/downloadDevelopmentCert.action?clientId=XABBG36SBA HTTP/1.1" 200 None
DEBUG:requests.packages.urllib3.connectionpool:Starting new HTTPS connection (1): developerservices2.apple.com
DEBUG:requests.packages.urllib3.connectionpool:https://developerservices2.apple.com:443 "POST /services/QH65B2/listTeams.action?clientId=XABBG36SBA HTTP/1.1" 200 None
DEBUG:requests.packages.urllib3.connectionpool:Starting new HTTPS connection (1): developerservices2.apple.com
DEBUG:requests.packages.urllib3.connectionpool:https://developerservices2.apple.com:443 "POST /services/QH65B2/ios/listDevices.action?clientId=XABBG36SBA HTTP/1.1" 200 None
DEBUG:requests.packages.urllib3.connectionpool:Starting new HTTPS connection (1): developerservices2.apple.com
DEBUG:requests.packages.urllib3.connectionpool:https://developerservices2.apple.com:443 "POST /services/QH65B2/ios/listAppIds.action?clientId=XABBG36SBA HTTP/1.1" 200 None
DEBUG:requests.packages.urllib3.connectionpool:Starting new HTTPS connection (1): developerservices2.apple.com
DEBUG:requests.packages.urllib3.connectionpool:https://developerservices2.apple.com:443 "POST /services/QH65B2/ios/listProvisioningProfiles.action?clientId=XABBG36SBA HTTP/1.1" 200 None
DEBUG:requests.packages.urllib3.connectionpool:Starting new HTTPS connection (1): developerservices2.apple.com
DEBUG:requests.packages.urllib3.connectionpool:https://developerservices2.apple.com:443 "POST /services/QH65B2/ios/listAllDevelopmentCerts.action?clientId=XABBG36SBA HTTP/1.1" 200 None
DEBUG:requests.packages.urllib3.connectionpool:Starting new HTTPS connection (1): developerservices2.apple.com
DEBUG:requests.packages.urllib3.connectionpool:https://developerservices2.apple.com:443 "POST /services/QH65B2/ios/downloadDevelopmentCert.action?clientId=XABBG36SBA HTTP/1.1" 200 None
DEBUG:requests.packages.urllib3.connectionpool:Starting new HTTPS connection (1): developerservices2.apple.com
DEBUG:requests.packages.urllib3.connectionpool:https://developerservices2.apple.com:443 "POST /services/QH65B2/listTeams.action?clientId=XABBG36SBA HTTP/1.1" 200 None
DEBUG:requests.packages.urllib3.connectionpool:Starting new HTTPS connection (1): developerservices2.apple.com
DEBUG:requests.packages.urllib3.connectionpool:https://developerservices2.apple.com:443 "POST /services/QH65B2/ios/listDevices.action?clientId=XABBG36SBA HTTP/1.1" 200 None
DEBUG:requests.packages.urllib3.connectionpool:Starting new HTTPS connection (1): developerservices2.apple.com
DEBUG:requests.packages.urllib3.connectionpool:https://developerservices2.apple.com:443 "POST /services/QH65B2/ios/listAppIds.action?clientId=XABBG36SBA HTTP/1.1" 200 None
DEBUG:requests.packages.urllib3.connectionpool:Starting new HTTPS connection (1): developerservices2.apple.com
DEBUG:requests.packages.urllib3.connectionpool:https://developerservices2.apple.com:443 "POST /services/QH65B2/ios/listProvisioningProfiles.action?clientId=XABBG36SBA HTTP/1.1" 200 None
DEBUG:requests.packages.urllib3.connectionpool:Starting new HTTPS connection (1): developerservices2.apple.com
DEBUG:requests.packages.urllib3.connectionpool:https://developerservices2.apple.com:443 "POST /services/QH65B2/ios/listAllDevelopmentCerts.action?clientId=XABBG36SBA HTTP/1.1" 200 None
DEBUG:requests.packages.urllib3.connectionpool:Starting new HTTPS connection (1): developerservices2.apple.com
DEBUG:requests.packages.urllib3.connectionpool:https://developerservices2.apple.com:443 "POST /services/QH65B2/ios/downloadDevelopmentCert.action?clientId=XABBG36SBA HTTP/1.1" 200 None
DEBUG:requests.packages.urllib3.connectionpool:Starting new HTTPS connection (1): developerservices2.apple.com
DEBUG:requests.packages.urllib3.connectionpool:https://developerservices2.apple.com:443 "POST /services/QH65B2/listTeams.action?clientId=XABBG36SBA HTTP/1.1" 200 None
DEBUG:requests.packages.urllib3.connectionpool:Starting new HTTPS connection (1): developerservices2.apple.com
DEBUG:requests.packages.urllib3.connectionpool:https://developerservices2.apple.com:443 "POST /services/QH65B2/ios/listDevices.action?clientId=XABBG36SBA HTTP/1.1" 200 None
DEBUG:requests.packages.urllib3.connectionpool:Starting new HTTPS connection (1): developerservices2.apple.com
DEBUG:requests.packages.urllib3.connectionpool:https://developerservices2.apple.com:443 "POST /services/QH65B2/ios/listAppIds.action?clientId=XABBG36SBA HTTP/1.1" 200 None
DEBUG:requests.packages.urllib3.connectionpool:Starting new HTTPS connection (1): developerservices2.apple.com
DEBUG:requests.packages.urllib3.connectionpool:https://developerservices2.apple.com:443 "POST /services/QH65B2/ios/listProvisioningProfiles.action?clientId=XABBG36SBA HTTP/1.1" 200 None
DEBUG:requests.packages.urllib3.connectionpool:Starting new HTTPS connection (1): developerservices2.apple.com
DEBUG:requests.packages.urllib3.connectionpool:https://developerservices2.apple.com:443 "POST /services/QH65B2/ios/addDevice.action?clientId=XABBG36SBA HTTP/1.1" 200 None
DEBUG:requests.packages.urllib3.connectionpool:Starting new HTTPS connection (1): developerservices2.apple.com
DEBUG:requests.packages.urllib3.connectionpool:Starting new HTTPS connection (1): developerservices2.apple.com
DEBUG:requests.packages.urllib3.connectionpool:https://developerservices2.apple.com:443 "POST /services/QH65B2/ios/listDevices.action?clientId=XABBG36SBA HTTP/1.1" 200 None
DEBUG:requests.packages.urllib3.connectionpool:Starting new HTTPS connection (1): developerservices2.apple.com
DEBUG:requests.packages.urllib3.connectionpool:https://developerservices2.apple.com:443 "POST /services/QH65B2/ios/addAppId.action?clientId=XABBG36SBA HTTP/1.1" 200 None
DEBUG:requests.packages.urllib3.connectionpool:Starting new HTTPS connection (1): developerservices2.apple.com
DEBUG:requests.packages.urllib3.connectionpool:https://developerservices2.apple.com:443 "POST /services/QH65B2/ios/createProvisioningProfile.action?clientId=XABBG36SBA HTTP/1.1" 200 None
DEBUG:requests.packages.urllib3.connectionpool:Starting new HTTPS connection (1): developerservices2.apple.com
DEBUG:requests.packages.urllib3.connectionpool:https://developerservices2.apple.com:443 "POST /services/QH65B2/ios/regenProvisioningProfile.action?clientId=XABBG36SBA HTTP/1.1" 200 None
DEBUG:requests.packages.urllib3.connectionpool:Starting new HTTPS connection (1): developerservices2.apple.com
DEBUG:requests.packages.urllib3.connectionpool:https://developerservices2.apple.com:443 "POST /services/QH65B2/ios/downloadTeamProvisioningProfile.action?clientId=XABBG36SBA HTTP/1.1" 200 None
